{"/home/travis/build/npmtest/node-npmtest-eyes/test.js":{"path":"/home/travis/build/npmtest/node-npmtest-eyes/test.js","s":{"1":2,"2":2,"3":2,"4":2,"5":2,"6":2,"7":2,"8":1,"9":2,"10":2,"11":1,"12":1,"13":1,"14":1,"15":2,"16":2,"17":2,"18":2,"19":1,"20":1,"21":2,"22":2,"23":2,"24":1,"25":1,"26":1,"27":1,"28":1,"29":1,"30":1,"31":1,"32":1,"33":1,"34":1,"35":1,"36":1,"37":2,"38":2,"39":1,"40":2,"41":2,"42":1,"43":2,"44":2,"45":1,"46":2,"47":2,"48":1,"49":1,"50":1,"51":1,"52":1},"b":{"1":[2,1,1,1],"2":[1,1,1,1],"3":[1,1],"4":[1,1],"5":[1,1],"6":[1,1],"7":[1,1],"8":[1,1],"9":[1,1,1],"10":[1,1],"11":[1,1],"12":[1,1],"13":[1,1],"14":[1,1],"15":[1,1],"16":[1,1]},"f":{"1":2,"2":2,"3":2,"4":2,"5":2,"6":1,"7":1,"8":2,"9":2,"10":2,"11":2,"12":1},"fnMap":{"1":{"name":"(anonymous_1)","line":12,"loc":{"start":{"line":12,"column":1},"end":{"line":12,"column":13}}},"2":{"name":"(anonymous_2)","line":19,"loc":{"start":{"line":19,"column":5},"end":{"line":19,"column":17}}},"3":{"name":"(anonymous_3)","line":23,"loc":{"start":{"line":23,"column":24},"end":{"line":23,"column":36}}},"4":{"name":"(anonymous_4)","line":61,"loc":{"start":{"line":61,"column":5},"end":{"line":61,"column":17}}},"5":{"name":"(anonymous_5)","line":82,"loc":{"start":{"line":82,"column":5},"end":{"line":82,"column":17}}},"6":{"name":"(anonymous_6)","line":102,"loc":{"start":{"line":102,"column":83},"end":{"line":105,"column":10}},"skip":true},"7":{"name":"(anonymous_7)","line":113,"loc":{"start":{"line":113,"column":77},"end":{"line":116,"column":10}},"skip":true},"8":{"name":"(anonymous_8)","line":129,"loc":{"start":{"line":129,"column":12},"end":{"line":129,"column":40}},"skip":true},"9":{"name":"(anonymous_9)","line":137,"loc":{"start":{"line":137,"column":77},"end":{"line":140,"column":10}},"skip":true},"10":{"name":"(anonymous_10)","line":148,"loc":{"start":{"line":148,"column":83},"end":{"line":151,"column":10}},"skip":true},"11":{"name":"(anonymous_11)","line":159,"loc":{"start":{"line":159,"column":79},"end":{"line":162,"column":10}},"skip":true},"12":{"name":"(anonymous_12)","line":170,"loc":{"start":{"line":170,"column":75},"end":{"line":173,"column":10}},"skip":true}},"statementMap":{"1":{"start":{"line":12,"column":0},"end":{"line":185,"column":5}},"2":{"start":{"line":14,"column":4},"end":{"line":14,"column":14}},"3":{"start":{"line":19,"column":4},"end":{"line":56,"column":9}},"4":{"start":{"line":21,"column":8},"end":{"line":21,"column":19}},"5":{"start":{"line":23,"column":8},"end":{"line":35,"column":13}},"6":{"start":{"line":24,"column":12},"end":{"line":34,"column":13}},"7":{"start":{"line":25,"column":16},"end":{"line":28,"column":30}},"8":{"start":{"line":30,"column":16},"end":{"line":33,"column":27}},"9":{"start":{"line":37,"column":8},"end":{"line":39,"column":21}},"10":{"start":{"line":40,"column":8},"end":{"line":53,"column":9}},"11":{"start":{"line":43,"column":12},"end":{"line":46,"column":14}},"12":{"start":{"line":47,"column":12},"end":{"line":47,"column":18}},"13":{"start":{"line":50,"column":12},"end":{"line":51,"column":46}},"14":{"start":{"line":52,"column":12},"end":{"line":52,"column":18}},"15":{"start":{"line":55,"column":8},"end":{"line":55,"column":35}},"16":{"start":{"line":61,"column":4},"end":{"line":63,"column":9}},"17":{"start":{"line":62,"column":8},"end":{"line":62,"column":15}},"18":{"start":{"line":64,"column":4},"end":{"line":77,"column":5}},"19":{"start":{"line":70,"column":8},"end":{"line":70,"column":14}},"20":{"start":{"line":76,"column":8},"end":{"line":76,"column":14}},"21":{"start":{"line":82,"column":4},"end":{"line":84,"column":9}},"22":{"start":{"line":83,"column":8},"end":{"line":83,"column":15}},"23":{"start":{"line":85,"column":4},"end":{"line":184,"column":5}},"24":{"start":{"line":92,"column":8},"end":{"line":94,"column":63}},"25":{"start":{"line":95,"column":8},"end":{"line":95,"column":14}},"26":{"start":{"line":102,"column":8},"end":{"line":111,"column":10},"skip":true},"27":{"start":{"line":109,"column":12},"end":{"line":109,"column":55},"skip":true},"28":{"start":{"line":110,"column":12},"end":{"line":110,"column":48},"skip":true},"29":{"start":{"line":113,"column":8},"end":{"line":126,"column":10},"skip":true},"30":{"start":{"line":120,"column":12},"end":{"line":120,"column":76},"skip":true},"31":{"start":{"line":121,"column":12},"end":{"line":121,"column":73},"skip":true},"32":{"start":{"line":122,"column":12},"end":{"line":122,"column":74},"skip":true},"33":{"start":{"line":123,"column":12},"end":{"line":123,"column":79},"skip":true},"34":{"start":{"line":124,"column":12},"end":{"line":124,"column":25},"skip":true},"35":{"start":{"line":125,"column":12},"end":{"line":125,"column":45},"skip":true},"36":{"start":{"line":128,"column":8},"end":{"line":135,"column":14},"skip":true},"37":{"start":{"line":133,"column":16},"end":{"line":133,"column":29},"skip":true},"38":{"start":{"line":134,"column":16},"end":{"line":134,"column":55},"skip":true},"39":{"start":{"line":137,"column":8},"end":{"line":146,"column":10},"skip":true},"40":{"start":{"line":144,"column":12},"end":{"line":144,"column":25},"skip":true},"41":{"start":{"line":145,"column":12},"end":{"line":145,"column":45},"skip":true},"42":{"start":{"line":148,"column":8},"end":{"line":157,"column":10},"skip":true},"43":{"start":{"line":155,"column":12},"end":{"line":155,"column":25},"skip":true},"44":{"start":{"line":156,"column":12},"end":{"line":156,"column":48},"skip":true},"45":{"start":{"line":159,"column":8},"end":{"line":168,"column":10},"skip":true},"46":{"start":{"line":166,"column":12},"end":{"line":166,"column":25},"skip":true},"47":{"start":{"line":167,"column":12},"end":{"line":167,"column":46},"skip":true},"48":{"start":{"line":170,"column":8},"end":{"line":179,"column":10},"skip":true},"49":{"start":{"line":177,"column":12},"end":{"line":177,"column":94},"skip":true},"50":{"start":{"line":178,"column":12},"end":{"line":178,"column":48},"skip":true},"51":{"start":{"line":182,"column":8},"end":{"line":182,"column":35},"skip":true},"52":{"start":{"line":183,"column":8},"end":{"line":183,"column":14},"skip":true}},"branchMap":{"1":{"line":25,"type":"binary-expr","locations":[{"start":{"line":25,"column":23},"end":{"line":25,"column":62}},{"start":{"line":26,"column":20},"end":{"line":26,"column":70}},{"start":{"line":27,"column":20},"end":{"line":27,"column":71}},{"start":{"line":28,"column":20},"end":{"line":28,"column":29}}]},"2":{"line":30,"type":"binary-expr","locations":[{"start":{"line":30,"column":23},"end":{"line":30,"column":37}},{"start":{"line":31,"column":20},"end":{"line":31,"column":61}},{"start":{"line":32,"column":20},"end":{"line":32,"column":70}},{"start":{"line":33,"column":20},"end":{"line":33,"column":26}}]},"3":{"line":37,"type":"cond-expr","locations":[{"start":{"line":38,"column":14},"end":{"line":38,"column":20}},{"start":{"line":39,"column":14},"end":{"line":39,"column":20}}]},"4":{"line":40,"type":"switch","locations":[{"start":{"line":42,"column":8},"end":{"line":47,"column":18}},{"start":{"line":49,"column":8},"end":{"line":52,"column":18}}]},"5":{"line":44,"type":"binary-expr","locations":[{"start":{"line":44,"column":16},"end":{"line":44,"column":44}},{"start":{"line":44,"column":48},"end":{"line":44,"column":66}}]},"6":{"line":50,"type":"binary-expr","locations":[{"start":{"line":50,"column":21},"end":{"line":50,"column":49}},{"start":{"line":50,"column":53},"end":{"line":50,"column":72}}]},"7":{"line":64,"type":"switch","locations":[{"start":{"line":69,"column":4},"end":{"line":70,"column":14}},{"start":{"line":75,"column":4},"end":{"line":76,"column":14}}]},"8":{"line":85,"type":"switch","locations":[{"start":{"line":90,"column":4},"end":{"line":95,"column":14}},{"start":{"line":101,"column":4},"end":{"line":183,"column":14},"skip":true}]},"9":{"line":92,"type":"binary-expr","locations":[{"start":{"line":92,"column":18},"end":{"line":92,"column":32}},{"start":{"line":93,"column":12},"end":{"line":93,"column":53}},{"start":{"line":94,"column":12},"end":{"line":94,"column":61}}]},"10":{"line":102,"type":"binary-expr","locations":[{"start":{"line":102,"column":45},"end":{"line":102,"column":79},"skip":true},{"start":{"line":102,"column":83},"end":{"line":111,"column":9},"skip":true}]},"11":{"line":113,"type":"binary-expr","locations":[{"start":{"line":113,"column":42},"end":{"line":113,"column":73},"skip":true},{"start":{"line":113,"column":77},"end":{"line":126,"column":9},"skip":true}]},"12":{"line":128,"type":"binary-expr","locations":[{"start":{"line":128,"column":48},"end":{"line":128,"column":85},"skip":true},{"start":{"line":129,"column":12},"end":{"line":135,"column":13},"skip":true}]},"13":{"line":137,"type":"binary-expr","locations":[{"start":{"line":137,"column":42},"end":{"line":137,"column":73},"skip":true},{"start":{"line":137,"column":77},"end":{"line":146,"column":9},"skip":true}]},"14":{"line":148,"type":"binary-expr","locations":[{"start":{"line":148,"column":45},"end":{"line":148,"column":79},"skip":true},{"start":{"line":148,"column":83},"end":{"line":157,"column":9},"skip":true}]},"15":{"line":159,"type":"binary-expr","locations":[{"start":{"line":159,"column":43},"end":{"line":159,"column":75},"skip":true},{"start":{"line":159,"column":79},"end":{"line":168,"column":9},"skip":true}]},"16":{"line":170,"type":"binary-expr","locations":[{"start":{"line":170,"column":41},"end":{"line":170,"column":71},"skip":true},{"start":{"line":170,"column":75},"end":{"line":179,"column":9},"skip":true}]}},"code":["/* istanbul instrument in package npmtest_eyes */","/*jslint","    bitwise: true,","    browser: true,","    maxerr: 8,","    maxlen: 96,","    node: true,","    nomen: true,","    regexp: true,","    stupid: true","*/","(function () {","    'use strict';","    var local;","","","","    // run shared js-env code - pre-init","    (function () {","        // init local","        local = {};","        // init modeJs","        local.modeJs = (function () {","            try {","                return typeof navigator.userAgent === 'string' &&","                    typeof document.querySelector('body') === 'object' &&","                    typeof XMLHttpRequest.prototype.open === 'function' &&","                    'browser';","            } catch (errorCaughtBrowser) {","                return module.exports &&","                    typeof process.versions.node === 'string' &&","                    typeof require('http').createServer === 'function' &&","                    'node';","            }","        }());","        // init global","        local.global = local.modeJs === 'browser'","            ? window","            : global;","        switch (local.modeJs) {","        // re-init local from window.local","        case 'browser':","            local = local.global.utility2.objectSetDefault(","                local.global.utility2_rollup || local.global.local,","                local.global.utility2","            );","            break;","        // re-init local from example.js","        case 'node':","            local = (local.global.utility2_rollup || require('utility2'))","                .requireExampleJsFromReadme();","            break;","        }","        // export local","        local.global.local = local;","    }());","","","","    // run shared js-env code - function","    (function () {","        return;","    }());","    switch (local.modeJs) {","","","","    // run browser js-env code - function","    case 'browser':","        break;","","","","    // run node js-env code - function","    case 'node':","        break;","    }","","","","    // run shared js-env code - post-init","    (function () {","        return;","    }());","    switch (local.modeJs) {","","","","    // run browser js-env code - post-init","    case 'browser':","        // run tests","        local.nop(local.modeTest &&","            document.querySelector('#testRunButton1') &&","            document.querySelector('#testRunButton1').click());","        break;","","","","    // run node js-env code - post-init","    /* istanbul ignore next */","    case 'node':","        local.testCase_buildApidoc_default = local.testCase_buildApidoc_default || function (","            options,","            onError","        ) {","        /*","         * this function will test buildApidoc's default handling-behavior-behavior","         */","            options = { modulePathList: module.paths };","            local.buildApidoc(options, onError);","        };","","        local.testCase_buildApp_default = local.testCase_buildApp_default || function (","            options,","            onError","        ) {","        /*","         * this function will test buildApp's default handling-behavior-behavior","         */","            local.testCase_buildReadme_default(options, local.onErrorThrow);","            local.testCase_buildLib_default(options, local.onErrorThrow);","            local.testCase_buildTest_default(options, local.onErrorThrow);","            local.testCase_buildCustomOrg_default(options, local.onErrorThrow);","            options = [];","            local.buildApp(options, onError);","        };","","        local.testCase_buildCustomOrg_default = local.testCase_buildCustomOrg_default ||","            function (options, onError) {","            /*","             * this function will test buildCustomOrg's default handling-behavior","             */","                options = {};","                local.buildCustomOrg(options, onError);","            };","","        local.testCase_buildLib_default = local.testCase_buildLib_default || function (","            options,","            onError","        ) {","        /*","         * this function will test buildLib's default handling-behavior","         */","            options = {};","            local.buildLib(options, onError);","        };","","        local.testCase_buildReadme_default = local.testCase_buildReadme_default || function (","            options,","            onError","        ) {","        /*","         * this function will test buildReadme's default handling-behavior-behavior","         */","            options = {};","            local.buildReadme(options, onError);","        };","","        local.testCase_buildTest_default = local.testCase_buildTest_default || function (","            options,","            onError","        ) {","        /*","         * this function will test buildTest's default handling-behavior","         */","            options = {};","            local.buildTest(options, onError);","        };","","        local.testCase_webpage_default = local.testCase_webpage_default || function (","            options,","            onError","        ) {","        /*","         * this function will test webpage's default handling-behavior","         */","            options = { modeCoverageMerge: true, url: local.serverLocalHost + '?modeTest=1' };","            local.browserTest(options, onError);","        };","","        // run test-server","        local.testRunServer(local);","        break;","    }","}());",""],"l":{"12":2,"14":2,"19":2,"21":2,"23":2,"24":2,"25":2,"30":1,"37":2,"40":2,"43":1,"47":1,"50":1,"52":1,"55":2,"61":2,"62":2,"64":2,"70":1,"76":1,"82":2,"83":2,"85":2,"92":1,"95":1,"102":1,"109":1,"110":1,"113":1,"120":1,"121":1,"122":1,"123":1,"124":1,"125":1,"128":1,"133":2,"134":2,"137":1,"144":2,"145":2,"148":1,"155":2,"156":2,"159":1,"166":2,"167":2,"170":1,"177":1,"178":1,"182":1,"183":1}},"/home/travis/build/npmtest/node-npmtest-eyes/lib.npmtest_eyes.js":{"path":"/home/travis/build/npmtest/node-npmtest-eyes/lib.npmtest_eyes.js","s":{"1":2,"2":2,"3":2,"4":2,"5":2,"6":2,"7":2,"8":1,"9":2,"10":2,"11":2,"12":2,"13":1,"14":1,"15":1,"16":1},"b":{"1":[2,1,1,1],"2":[1,1,1,1],"3":[1,1],"4":[2,2],"5":[1,1]},"f":{"1":2,"2":2,"3":2},"fnMap":{"1":{"name":"(anonymous_1)","line":12,"loc":{"start":{"line":12,"column":1},"end":{"line":12,"column":13}}},"2":{"name":"(anonymous_2)","line":19,"loc":{"start":{"line":19,"column":5},"end":{"line":19,"column":17}}},"3":{"name":"(anonymous_3)","line":23,"loc":{"start":{"line":23,"column":24},"end":{"line":23,"column":36}}}},"statementMap":{"1":{"start":{"line":12,"column":0},"end":{"line":53,"column":5}},"2":{"start":{"line":14,"column":4},"end":{"line":14,"column":14}},"3":{"start":{"line":19,"column":4},"end":{"line":52,"column":9}},"4":{"start":{"line":21,"column":8},"end":{"line":21,"column":19}},"5":{"start":{"line":23,"column":8},"end":{"line":35,"column":13}},"6":{"start":{"line":24,"column":12},"end":{"line":34,"column":13}},"7":{"start":{"line":25,"column":16},"end":{"line":28,"column":30}},"8":{"start":{"line":30,"column":16},"end":{"line":33,"column":27}},"9":{"start":{"line":37,"column":8},"end":{"line":39,"column":21}},"10":{"start":{"line":41,"column":8},"end":{"line":41,"column":54}},"11":{"start":{"line":43,"column":8},"end":{"line":43,"column":49}},"12":{"start":{"line":45,"column":8},"end":{"line":51,"column":9}},"13":{"start":{"line":46,"column":12},"end":{"line":46,"column":55}},"14":{"start":{"line":48,"column":12},"end":{"line":48,"column":35}},"15":{"start":{"line":49,"column":12},"end":{"line":49,"column":49}},"16":{"start":{"line":50,"column":12},"end":{"line":50,"column":43}}},"branchMap":{"1":{"line":25,"type":"binary-expr","locations":[{"start":{"line":25,"column":23},"end":{"line":25,"column":62}},{"start":{"line":26,"column":20},"end":{"line":26,"column":70}},{"start":{"line":27,"column":20},"end":{"line":27,"column":71}},{"start":{"line":28,"column":20},"end":{"line":28,"column":29}}]},"2":{"line":30,"type":"binary-expr","locations":[{"start":{"line":30,"column":23},"end":{"line":30,"column":37}},{"start":{"line":31,"column":20},"end":{"line":31,"column":61}},{"start":{"line":32,"column":20},"end":{"line":32,"column":70}},{"start":{"line":33,"column":20},"end":{"line":33,"column":26}}]},"3":{"line":37,"type":"cond-expr","locations":[{"start":{"line":38,"column":14},"end":{"line":38,"column":20}},{"start":{"line":39,"column":14},"end":{"line":39,"column":20}}]},"4":{"line":41,"type":"binary-expr","locations":[{"start":{"line":41,"column":16},"end":{"line":41,"column":44}},{"start":{"line":41,"column":48},"end":{"line":41,"column":53}}]},"5":{"line":45,"type":"if","locations":[{"start":{"line":45,"column":8},"end":{"line":45,"column":8}},{"start":{"line":45,"column":8},"end":{"line":45,"column":8}}]}},"code":["/* istanbul instrument in package npmtest_eyes */","/*jslint","    bitwise: true,","    browser: true,","    maxerr: 8,","    maxlen: 96,","    node: true,","    nomen: true,","    regexp: true,","    stupid: true","*/","(function () {","    'use strict';","    var local;","","","","    // run shared js-env code - pre-init","    (function () {","        // init local","        local = {};","        // init modeJs","        local.modeJs = (function () {","            try {","                return typeof navigator.userAgent === 'string' &&","                    typeof document.querySelector('body') === 'object' &&","                    typeof XMLHttpRequest.prototype.open === 'function' &&","                    'browser';","            } catch (errorCaughtBrowser) {","                return module.exports &&","                    typeof process.versions.node === 'string' &&","                    typeof require('http').createServer === 'function' &&","                    'node';","            }","        }());","        // init global","        local.global = local.modeJs === 'browser'","            ? window","            : global;","        // init utility2_rollup","        local = local.global.utility2_rollup || local;","        // init lib","        local.local = local.npmtest_eyes = local;","        // init exports","        if (local.modeJs === 'browser') {","            local.global.utility2_npmtest_eyes = local;","        } else {","            module.exports = local;","            module.exports.__dirname = __dirname;","            module.exports.module = module;","        }","    }());","}());",""],"l":{"12":2,"14":2,"19":2,"21":2,"23":2,"24":2,"25":2,"30":1,"37":2,"41":2,"43":2,"45":2,"46":1,"48":1,"49":1,"50":1}},"/home/travis/build/npmtest/node-npmtest-eyes/example.js":{"path":"/home/travis/build/npmtest/node-npmtest-eyes/example.js","s":{"1":2,"2":2,"3":2,"4":2,"5":2,"6":2,"7":2,"8":1,"9":2,"10":2,"11":2,"12":2,"13":1,"14":2,"15":2,"16":2,"17":2,"18":2,"19":0,"20":2,"21":1,"22":1,"23":1,"24":1,"25":1,"26":0,"27":0,"28":1,"29":1,"30":2,"31":0,"32":0,"33":0,"34":1,"35":2,"36":2,"37":2,"38":2,"39":2,"40":2,"41":0,"42":2,"43":2,"44":2,"45":1,"46":3,"47":1,"48":1,"49":1,"50":1,"51":1,"52":1,"53":1,"54":1,"55":1,"56":1,"57":0,"58":1,"59":6,"60":6,"61":1,"62":2,"63":0,"64":2,"65":1,"66":1,"67":0,"68":0,"69":0,"70":0,"71":0,"72":0,"73":0,"74":0,"75":0,"76":0,"77":0,"78":0,"79":0,"80":0,"81":0,"82":0,"83":0},"b":{"1":[2,1,1,1],"2":[1,1,1,1],"3":[1,1],"4":[2,2],"5":[1,1],"6":[1,1],"7":[2,0],"8":[2,1,1,1,1,1],"9":[0,2,0],"10":[1,1],"11":[2,1,1],"12":[1,0],"13":[0,2],"14":[2,0,0,0,0,0,0],"15":[0,2],"16":[2,0],"17":[1,1],"18":[0,1],"19":[1,2,0,2],"20":[1,0],"21":[1,1],"22":[0,0],"23":[0,0],"24":[0,0],"25":[0,0],"26":[0,0],"27":[0,0],"28":[0,0]},"f":{"1":2,"2":2,"3":2,"4":2,"5":2,"6":2,"7":2,"8":2,"9":3,"10":1,"11":6,"12":0},"fnMap":{"1":{"name":"(anonymous_1)","line":26,"loc":{"start":{"line":26,"column":1},"end":{"line":26,"column":13}}},"2":{"name":"(anonymous_2)","line":33,"loc":{"start":{"line":33,"column":5},"end":{"line":33,"column":17}}},"3":{"name":"(anonymous_3)","line":37,"loc":{"start":{"line":37,"column":24},"end":{"line":37,"column":36}}},"4":{"name":"(anonymous_4)","line":69,"loc":{"start":{"line":69,"column":31},"end":{"line":69,"column":48}},"skip":true},"5":{"name":"(anonymous_5)","line":78,"loc":{"start":{"line":78,"column":26},"end":{"line":78,"column":45}},"skip":true},"6":{"name":"(anonymous_6)","line":123,"loc":{"start":{"line":123,"column":33},"end":{"line":123,"column":48}},"skip":true},"7":{"name":"(anonymous_7)","line":125,"loc":{"start":{"line":125,"column":27},"end":{"line":125,"column":39}},"skip":true},"8":{"name":"(anonymous_8)","line":133,"loc":{"start":{"line":133,"column":59},"end":{"line":133,"column":74}},"skip":true},"9":{"name":"(anonymous_9)","line":143,"loc":{"start":{"line":143,"column":45},"end":{"line":143,"column":62}},"skip":true},"10":{"name":"(anonymous_10)","line":144,"loc":{"start":{"line":144,"column":73},"end":{"line":144,"column":92}},"skip":true},"11":{"name":"(anonymous_11)","line":272,"loc":{"start":{"line":272,"column":51},"end":{"line":272,"column":77}},"skip":true},"12":{"name":"(anonymous_12)","line":314,"loc":{"start":{"line":314,"column":32},"end":{"line":314,"column":61}},"skip":true}},"statementMap":{"1":{"start":{"line":26,"column":0},"end":{"line":325,"column":5}},"2":{"start":{"line":28,"column":4},"end":{"line":28,"column":14}},"3":{"start":{"line":33,"column":4},"end":{"line":60,"column":9}},"4":{"start":{"line":35,"column":8},"end":{"line":35,"column":19}},"5":{"start":{"line":37,"column":8},"end":{"line":49,"column":13}},"6":{"start":{"line":38,"column":12},"end":{"line":48,"column":13}},"7":{"start":{"line":39,"column":16},"end":{"line":42,"column":30}},"8":{"start":{"line":44,"column":16},"end":{"line":47,"column":27}},"9":{"start":{"line":51,"column":8},"end":{"line":53,"column":21}},"10":{"start":{"line":55,"column":8},"end":{"line":57,"column":45}},"11":{"start":{"line":59,"column":8},"end":{"line":59,"column":35}},"12":{"start":{"line":61,"column":4},"end":{"line":324,"column":5}},"13":{"start":{"line":69,"column":8},"end":{"line":121,"column":10},"skip":true},"14":{"start":{"line":70,"column":12},"end":{"line":88,"column":13},"skip":true},"15":{"start":{"line":76,"column":16},"end":{"line":87,"column":19},"skip":true},"16":{"start":{"line":79,"column":20},"end":{"line":86,"column":21},"skip":true},"17":{"start":{"line":82,"column":24},"end":{"line":82,"column":43},"skip":true},"18":{"start":{"line":83,"column":24},"end":{"line":83,"column":30},"skip":true},"19":{"start":{"line":85,"column":24},"end":{"line":85,"column":49},"skip":true},"20":{"start":{"line":89,"column":12},"end":{"line":107,"column":13},"skip":true},"21":{"start":{"line":92,"column":16},"end":{"line":102,"column":17},"skip":true},"22":{"start":{"line":93,"column":20},"end":{"line":93,"column":86},"skip":true},"23":{"start":{"line":94,"column":20},"end":{"line":95,"column":45},"skip":true},"24":{"start":{"line":96,"column":20},"end":{"line":96,"column":42},"skip":true},"25":{"start":{"line":97,"column":20},"end":{"line":97,"column":48},"skip":true},"26":{"start":{"line":100,"column":20},"end":{"line":100,"column":85},"skip":true},"27":{"start":{"line":101,"column":20},"end":{"line":101,"column":96},"skip":true},"28":{"start":{"line":103,"column":16},"end":{"line":103,"column":22},"skip":true},"29":{"start":{"line":106,"column":16},"end":{"line":106,"column":22},"skip":true},"30":{"start":{"line":108,"column":12},"end":{"line":120,"column":13},"skip":true},"31":{"start":{"line":114,"column":16},"end":{"line":119,"column":17},"skip":true},"32":{"start":{"line":116,"column":20},"end":{"line":116,"column":78},"skip":true},"33":{"start":{"line":118,"column":20},"end":{"line":118,"column":47},"skip":true},"34":{"start":{"line":123,"column":8},"end":{"line":141,"column":11},"skip":true},"35":{"start":{"line":124,"column":12},"end":{"line":124,"column":54},"skip":true},"36":{"start":{"line":125,"column":12},"end":{"line":140,"column":14},"skip":true},"37":{"start":{"line":126,"column":16},"end":{"line":126,"column":28},"skip":true},"38":{"start":{"line":127,"column":16},"end":{"line":127,"column":69},"skip":true},"39":{"start":{"line":128,"column":16},"end":{"line":128,"column":75},"skip":true},"40":{"start":{"line":129,"column":16},"end":{"line":131,"column":17},"skip":true},"41":{"start":{"line":130,"column":20},"end":{"line":130,"column":27},"skip":true},"42":{"start":{"line":133,"column":16},"end":{"line":137,"column":36},"skip":true},"43":{"start":{"line":134,"column":20},"end":{"line":136,"column":55},"skip":true},"44":{"start":{"line":139,"column":16},"end":{"line":139,"column":57},"skip":true},"45":{"start":{"line":143,"column":8},"end":{"line":147,"column":11},"skip":true},"46":{"start":{"line":144,"column":12},"end":{"line":146,"column":15},"skip":true},"47":{"start":{"line":145,"column":16},"end":{"line":145,"column":70},"skip":true},"48":{"start":{"line":149,"column":8},"end":{"line":149,"column":31},"skip":true},"49":{"start":{"line":150,"column":8},"end":{"line":150,"column":14},"skip":true},"50":{"start":{"line":158,"column":8},"end":{"line":158,"column":31},"skip":true},"51":{"start":{"line":160,"column":8},"end":{"line":160,"column":33},"skip":true},"52":{"start":{"line":161,"column":8},"end":{"line":161,"column":37},"skip":true},"53":{"start":{"line":162,"column":8},"end":{"line":162,"column":35},"skip":true},"54":{"start":{"line":164,"column":8},"end":{"line":164,"column":50},"skip":true},"55":{"start":{"line":166,"column":8},"end":{"line":256,"column":2},"skip":true},"56":{"start":{"line":258,"column":8},"end":{"line":286,"column":9},"skip":true},"57":{"start":{"line":259,"column":12},"end":{"line":269,"column":14},"skip":true},"58":{"start":{"line":271,"column":12},"end":{"line":285,"column":19},"skip":true},"59":{"start":{"line":274,"column":20},"end":{"line":274,"column":35},"skip":true},"60":{"start":{"line":275,"column":20},"end":{"line":284,"column":21},"skip":true},"61":{"start":{"line":277,"column":24},"end":{"line":277,"column":64},"skip":true},"62":{"start":{"line":279,"column":24},"end":{"line":279,"column":40},"skip":true},"63":{"start":{"line":281,"column":24},"end":{"line":281,"column":40},"skip":true},"64":{"start":{"line":283,"column":24},"end":{"line":283,"column":39},"skip":true},"65":{"start":{"line":288,"column":8},"end":{"line":290,"column":9},"skip":true},"66":{"start":{"line":289,"column":12},"end":{"line":289,"column":18},"skip":true},"67":{"start":{"line":291,"column":8},"end":{"line":293,"column":54},"skip":true},"68":{"start":{"line":294,"column":8},"end":{"line":301,"column":37},"skip":true},"69":{"start":{"line":302,"column":8},"end":{"line":302,"column":82},"skip":true},"70":{"start":{"line":305,"column":8},"end":{"line":307,"column":9},"skip":true},"71":{"start":{"line":306,"column":12},"end":{"line":306,"column":82},"skip":true},"72":{"start":{"line":309,"column":8},"end":{"line":311,"column":9},"skip":true},"73":{"start":{"line":310,"column":12},"end":{"line":310,"column":18},"skip":true},"74":{"start":{"line":312,"column":8},"end":{"line":312,"column":54},"skip":true},"75":{"start":{"line":313,"column":8},"end":{"line":313,"column":69},"skip":true},"76":{"start":{"line":314,"column":8},"end":{"line":322,"column":36},"skip":true},"77":{"start":{"line":315,"column":12},"end":{"line":315,"column":61},"skip":true},"78":{"start":{"line":316,"column":12},"end":{"line":319,"column":13},"skip":true},"79":{"start":{"line":317,"column":16},"end":{"line":317,"column":75},"skip":true},"80":{"start":{"line":318,"column":16},"end":{"line":318,"column":23},"skip":true},"81":{"start":{"line":320,"column":12},"end":{"line":320,"column":38},"skip":true},"82":{"start":{"line":321,"column":12},"end":{"line":321,"column":27},"skip":true},"83":{"start":{"line":323,"column":8},"end":{"line":323,"column":14},"skip":true}},"branchMap":{"1":{"line":39,"type":"binary-expr","locations":[{"start":{"line":39,"column":23},"end":{"line":39,"column":62}},{"start":{"line":40,"column":20},"end":{"line":40,"column":70}},{"start":{"line":41,"column":20},"end":{"line":41,"column":71}},{"start":{"line":42,"column":20},"end":{"line":42,"column":29}}]},"2":{"line":44,"type":"binary-expr","locations":[{"start":{"line":44,"column":23},"end":{"line":44,"column":37}},{"start":{"line":45,"column":20},"end":{"line":45,"column":61}},{"start":{"line":46,"column":20},"end":{"line":46,"column":70}},{"start":{"line":47,"column":20},"end":{"line":47,"column":26}}]},"3":{"line":51,"type":"cond-expr","locations":[{"start":{"line":52,"column":14},"end":{"line":52,"column":20}},{"start":{"line":53,"column":14},"end":{"line":53,"column":20}}]},"4":{"line":55,"type":"binary-expr","locations":[{"start":{"line":55,"column":16},"end":{"line":55,"column":44}},{"start":{"line":55,"column":49},"end":{"line":57,"column":43}}]},"5":{"line":55,"type":"cond-expr","locations":[{"start":{"line":56,"column":14},"end":{"line":56,"column":48}},{"start":{"line":57,"column":14},"end":{"line":57,"column":43}}]},"6":{"line":61,"type":"switch","locations":[{"start":{"line":68,"column":4},"end":{"line":150,"column":14},"skip":true},{"start":{"line":156,"column":4},"end":{"line":323,"column":14},"skip":true}]},"7":{"line":70,"type":"if","locations":[{"start":{"line":70,"column":12},"end":{"line":70,"column":12},"skip":true},{"start":{"line":70,"column":12},"end":{"line":70,"column":12},"skip":true}]},"8":{"line":70,"type":"binary-expr","locations":[{"start":{"line":70,"column":16},"end":{"line":70,"column":22},"skip":true},{"start":{"line":70,"column":27},"end":{"line":70,"column":32},"skip":true},{"start":{"line":71,"column":20},"end":{"line":71,"column":39},"skip":true},{"start":{"line":72,"column":20},"end":{"line":72,"column":49},"skip":true},{"start":{"line":73,"column":20},"end":{"line":73,"column":58},"skip":true},{"start":{"line":74,"column":20},"end":{"line":74,"column":69},"skip":true}]},"9":{"line":79,"type":"switch","locations":[{"start":{"line":80,"column":20},"end":{"line":80,"column":33},"skip":true},{"start":{"line":81,"column":20},"end":{"line":83,"column":30},"skip":true},{"start":{"line":84,"column":20},"end":{"line":85,"column":49},"skip":true}]},"10":{"line":89,"type":"switch","locations":[{"start":{"line":90,"column":12},"end":{"line":103,"column":22},"skip":true},{"start":{"line":105,"column":12},"end":{"line":106,"column":22},"skip":true}]},"11":{"line":89,"type":"binary-expr","locations":[{"start":{"line":89,"column":20},"end":{"line":89,"column":25},"skip":true},{"start":{"line":89,"column":29},"end":{"line":89,"column":48},"skip":true},{"start":{"line":89,"column":52},"end":{"line":89,"column":74},"skip":true}]},"12":{"line":92,"type":"if","locations":[{"start":{"line":92,"column":16},"end":{"line":92,"column":16},"skip":true},{"start":{"line":92,"column":16},"end":{"line":92,"column":16},"skip":true}]},"13":{"line":108,"type":"if","locations":[{"start":{"line":108,"column":12},"end":{"line":108,"column":12},"skip":true},{"start":{"line":108,"column":12},"end":{"line":108,"column":12},"skip":true}]},"14":{"line":108,"type":"binary-expr","locations":[{"start":{"line":108,"column":16},"end":{"line":108,"column":61},"skip":true},{"start":{"line":108,"column":66},"end":{"line":108,"column":72},"skip":true},{"start":{"line":108,"column":77},"end":{"line":108,"column":82},"skip":true},{"start":{"line":109,"column":20},"end":{"line":109,"column":39},"skip":true},{"start":{"line":110,"column":20},"end":{"line":110,"column":49},"skip":true},{"start":{"line":111,"column":20},"end":{"line":111,"column":58},"skip":true},{"start":{"line":112,"column":20},"end":{"line":112,"column":68},"skip":true}]},"15":{"line":129,"type":"if","locations":[{"start":{"line":129,"column":16},"end":{"line":129,"column":16},"skip":true},{"start":{"line":129,"column":16},"end":{"line":129,"column":16},"skip":true}]},"16":{"line":134,"type":"cond-expr","locations":[{"start":{"line":135,"column":26},"end":{"line":135,"column":29},"skip":true},{"start":{"line":136,"column":26},"end":{"line":136,"column":54},"skip":true}]},"17":{"line":164,"type":"binary-expr","locations":[{"start":{"line":164,"column":27},"end":{"line":164,"column":43},"skip":true},{"start":{"line":164,"column":47},"end":{"line":164,"column":49},"skip":true}]},"18":{"line":258,"type":"if","locations":[{"start":{"line":258,"column":8},"end":{"line":258,"column":8},"skip":true},{"start":{"line":258,"column":8},"end":{"line":258,"column":8},"skip":true}]},"19":{"line":275,"type":"switch","locations":[{"start":{"line":276,"column":20},"end":{"line":277,"column":64},"skip":true},{"start":{"line":278,"column":20},"end":{"line":279,"column":40},"skip":true},{"start":{"line":280,"column":20},"end":{"line":281,"column":40},"skip":true},{"start":{"line":282,"column":20},"end":{"line":283,"column":39},"skip":true}]},"20":{"line":288,"type":"if","locations":[{"start":{"line":288,"column":8},"end":{"line":288,"column":8},"skip":true},{"start":{"line":288,"column":8},"end":{"line":288,"column":8},"skip":true}]},"21":{"line":288,"type":"binary-expr","locations":[{"start":{"line":288,"column":12},"end":{"line":288,"column":40},"skip":true},{"start":{"line":288,"column":44},"end":{"line":288,"column":67},"skip":true}]},"22":{"line":292,"type":"binary-expr","locations":[{"start":{"line":292,"column":12},"end":{"line":292,"column":50},"skip":true},{"start":{"line":293,"column":12},"end":{"line":293,"column":53},"skip":true}]},"23":{"line":295,"type":"binary-expr","locations":[{"start":{"line":295,"column":12},"end":{"line":295,"column":62},"skip":true},{"start":{"line":296,"column":12},"end":{"line":301,"column":36},"skip":true}]},"24":{"line":302,"type":"binary-expr","locations":[{"start":{"line":302,"column":43},"end":{"line":302,"column":75},"skip":true},{"start":{"line":302,"column":79},"end":{"line":302,"column":81},"skip":true}]},"25":{"line":305,"type":"if","locations":[{"start":{"line":305,"column":8},"end":{"line":305,"column":8},"skip":true},{"start":{"line":305,"column":8},"end":{"line":305,"column":8},"skip":true}]},"26":{"line":309,"type":"if","locations":[{"start":{"line":309,"column":8},"end":{"line":309,"column":8},"skip":true},{"start":{"line":309,"column":8},"end":{"line":309,"column":8},"skip":true}]},"27":{"line":312,"type":"binary-expr","locations":[{"start":{"line":312,"column":27},"end":{"line":312,"column":43},"skip":true},{"start":{"line":312,"column":47},"end":{"line":312,"column":53},"skip":true}]},"28":{"line":316,"type":"if","locations":[{"start":{"line":316,"column":12},"end":{"line":316,"column":12},"skip":true},{"start":{"line":316,"column":12},"end":{"line":316,"column":12},"skip":true}]}},"code":["/*","example.js","","quickstart example","","instruction","    1. save this script as example.js","    2. run the shell command:","        $ npm install npmtest-eyes && PORT=8081 node example.js","    3. play with the browser-demo on http://127.0.0.1:8081","*/","","","","/* istanbul instrument in package npmtest_eyes */","/*jslint","    bitwise: true,","    browser: true,","    maxerr: 8,","    maxlen: 96,","    node: true,","    nomen: true,","    regexp: true,","    stupid: true","*/","(function () {","    'use strict';","    var local;","","","","    // run shared js-env code - pre-init","    (function () {","        // init local","        local = {};","        // init modeJs","        local.modeJs = (function () {","            try {","                return typeof navigator.userAgent === 'string' &&","                    typeof document.querySelector('body') === 'object' &&","                    typeof XMLHttpRequest.prototype.open === 'function' &&","                    'browser';","            } catch (errorCaughtBrowser) {","                return module.exports &&","                    typeof process.versions.node === 'string' &&","                    typeof require('http').createServer === 'function' &&","                    'node';","            }","        }());","        // init global","        local.global = local.modeJs === 'browser'","            ? window","            : global;","        // init utility2_rollup","        local = local.global.utility2_rollup || (local.modeJs === 'browser'","            ? local.global.utility2_npmtest_eyes","            : global.utility2_moduleExports);","        // export local","        local.global.local = local;","    }());","    switch (local.modeJs) {","","","","    // post-init","    // run browser js-env code - post-init","    /* istanbul ignore next */","    case 'browser':","        local.testRunBrowser = function (event) {","            if (!event || (event &&","                    event.currentTarget &&","                    event.currentTarget.className &&","                    event.currentTarget.className.includes &&","                    event.currentTarget.className.includes('onreset'))) {","                // reset output","                Array.from(","                    document.querySelectorAll('body > .resettable')","                ).forEach(function (element) {","                    switch (element.tagName) {","                    case 'INPUT':","                    case 'TEXTAREA':","                        element.value = '';","                        break;","                    default:","                        element.textContent = '';","                    }","                });","            }","            switch (event && event.currentTarget && event.currentTarget.id) {","            case 'testRunButton1':","                // show tests","                if (document.querySelector('#testReportDiv1').style.display === 'none') {","                    document.querySelector('#testReportDiv1').style.display = 'block';","                    document.querySelector('#testRunButton1').textContent =","                        'hide internal test';","                    local.modeTest = true;","                    local.testRunDefault(local);","                // hide tests","                } else {","                    document.querySelector('#testReportDiv1').style.display = 'none';","                    document.querySelector('#testRunButton1').textContent = 'run internal test';","                }","                break;","            // custom-case","            default:","                break;","            }","            if (document.querySelector('#inputTextareaEval1') && (!event || (event &&","                    event.currentTarget &&","                    event.currentTarget.className &&","                    event.currentTarget.className.includes &&","                    event.currentTarget.className.includes('oneval')))) {","                // try to eval input-code","                try {","                    /*jslint evil: true*/","                    eval(document.querySelector('#inputTextareaEval1').value);","                } catch (errorCaught) {","                    console.error(errorCaught);","                }","            }","        };","        // log stderr and stdout to #outputTextareaStdout1","        ['error', 'log'].forEach(function (key) {","            console[key + '_original'] = console[key];","            console[key] = function () {","                var element;","                console[key + '_original'].apply(console, arguments);","                element = document.querySelector('#outputTextareaStdout1');","                if (!element) {","                    return;","                }","                // append text to #outputTextareaStdout1","                element.value += Array.from(arguments).map(function (arg) {","                    return typeof arg === 'string'","                        ? arg","                        : JSON.stringify(arg, null, 4);","                }).join(' ') + '\\n';","                // scroll textarea to bottom","                element.scrollTop = element.scrollHeight;","            };","        });","        // init event-handling","        ['change', 'click', 'keyup'].forEach(function (event) {","            Array.from(document.querySelectorAll('.on' + event)).forEach(function (element) {","                element.addEventListener(event, local.testRunBrowser);","            });","        });","        // run tests","        local.testRunBrowser();","        break;","","","","    // run node js-env code - post-init","    /* istanbul ignore next */","    case 'node':","        // export local","        module.exports = local;","        // require modules","        local.fs = require('fs');","        local.http = require('http');","        local.url = require('url');","        // init assets","        local.assetsDict = local.assetsDict || {};","        /* jslint-ignore-begin */","        local.assetsDict['/assets.index.template.html'] = '\\","<!doctype html>\\n\\","<html lang=\"en\">\\n\\","<head>\\n\\","<meta charset=\"UTF-8\">\\n\\","<meta name=\"viewport\" content=\"width=device-width, initial-scale=1\">\\n\\","<title>{{env.npm_package_name}} (v{{env.npm_package_version}})</title>\\n\\","<style>\\n\\","/*csslint\\n\\","    box-sizing: false,\\n\\","    universal-selector: false\\n\\","*/\\n\\","* {\\n\\","    box-sizing: border-box;\\n\\","}\\n\\","body {\\n\\","    background: #dde;\\n\\","    font-family: Arial, Helvetica, sans-serif;\\n\\","    margin: 2rem;\\n\\","}\\n\\","body > * {\\n\\","    margin-bottom: 1rem;\\n\\","}\\n\\",".utility2FooterDiv {\\n\\","    margin-top: 20px;\\n\\","    text-align: center;\\n\\","}\\n\\","</style>\\n\\","<style>\\n\\","/*csslint\\n\\","*/\\n\\","textarea {\\n\\","    font-family: monospace;\\n\\","    height: 10rem;\\n\\","    width: 100%;\\n\\","}\\n\\","textarea[readonly] {\\n\\","    background: #ddd;\\n\\","}\\n\\","</style>\\n\\","</head>\\n\\","<body>\\n\\","<!-- utility2-comment\\n\\","<div id=\"ajaxProgressDiv1\" style=\"background: #d00; height: 2px; left: 0; margin: 0; padding: 0; position: fixed; top: 0; transition: background 0.5s, width 1.5s; width: 25%;\"></div>\\n\\","utility2-comment -->\\n\\","<h1>\\n\\","<!-- utility2-comment\\n\\","    <a\\n\\","        {{#if env.npm_package_homepage}}\\n\\","        href=\"{{env.npm_package_homepage}}\"\\n\\","        {{/if env.npm_package_homepage}}\\n\\","        target=\"_blank\"\\n\\","    >\\n\\","utility2-comment -->\\n\\","        {{env.npm_package_name}} (v{{env.npm_package_version}})\\n\\","<!-- utility2-comment\\n\\","    </a>\\n\\","utility2-comment -->\\n\\","</h1>\\n\\","<h3>{{env.npm_package_description}}</h3>\\n\\","<!-- utility2-comment\\n\\","<h4><a download href=\"assets.app.js\">download standalone app</a></h4>\\n\\","<button class=\"onclick onreset\" id=\"testRunButton1\">run internal test</button><br>\\n\\","<div id=\"testReportDiv1\" style=\"display: none;\"></div>\\n\\","utility2-comment -->\\n\\","\\n\\","\\n\\","\\n\\","<label>stderr and stdout</label>\\n\\","<textarea class=\"resettable\" id=\"outputTextareaStdout1\" readonly></textarea>\\n\\","<!-- utility2-comment\\n\\","{{#if isRollup}}\\n\\","<script src=\"assets.app.js\"></script>\\n\\","{{#unless isRollup}}\\n\\","utility2-comment -->\\n\\","<script src=\"assets.utility2.rollup.js\"></script>\\n\\","<script src=\"jsonp.utility2._stateInit?callback=window.utility2._stateInit\"></script>\\n\\","<script src=\"assets.npmtest_eyes.rollup.js\"></script>\\n\\","<script src=\"assets.example.js\"></script>\\n\\","<script src=\"assets.test.js\"></script>\\n\\","<!-- utility2-comment\\n\\","{{/if isRollup}}\\n\\","utility2-comment -->\\n\\","<div class=\"utility2FooterDiv\">\\n\\","    [ this app was created with\\n\\","    <a href=\"https://github.com/kaizhu256/node-utility2\" target=\"_blank\">utility2</a>\\n\\","    ]\\n\\","</div>\\n\\","</body>\\n\\","</html>\\n\\","';","        /* jslint-ignore-end */","        if (local.templateRender) {","            local.assetsDict['/'] = local.templateRender(","                local.assetsDict['/assets.index.template.html'],","                {","                    env: local.objectSetDefault(local.env, {","                        npm_package_description: 'the greatest app in the world!',","                        npm_package_name: 'my-app',","                        npm_package_nameAlias: 'my_app',","                        npm_package_version: '0.0.1'","                    })","                }","            );","        } else {","            local.assetsDict['/'] = local.assetsDict['/assets.index.template.html']","                .replace((/\\{\\{env\\.(\\w+?)\\}\\}/g), function (match0, match1) {","                    // jslint-hack","                    String(match0);","                    switch (match1) {","                    case 'npm_package_description':","                        return 'the greatest app in the world!';","                    case 'npm_package_name':","                        return 'my-app';","                    case 'npm_package_nameAlias':","                        return 'my_app';","                    case 'npm_package_version':","                        return '0.0.1';","                    }","                });","        }","        // run the cli","        if (local.global.utility2_rollup || module !== require.main) {","            break;","        }","        local.assetsDict['/assets.example.js'] =","            local.assetsDict['/assets.example.js'] ||","            local.fs.readFileSync(__filename, 'utf8');","        local.assetsDict['/assets.npmtest_eyes.rollup.js'] =","            local.assetsDict['/assets.npmtest_eyes.rollup.js'] ||","            local.fs.readFileSync(","                // buildCustomOrg-hack","                local.npmtest_eyes.__dirname +","                    '/lib.npmtest_eyes.js',","                'utf8'","            ).replace((/^#!/), '//');","        local.assetsDict['/favicon.ico'] = local.assetsDict['/favicon.ico'] || '';","        // if $npm_config_timeout_exit exists,","        // then exit this process after $npm_config_timeout_exit ms","        if (Number(process.env.npm_config_timeout_exit)) {","            setTimeout(process.exit, Number(process.env.npm_config_timeout_exit));","        }","        // start server","        if (local.global.utility2_serverHttp1) {","            break;","        }","        process.env.PORT = process.env.PORT || '8081';","        console.error('server starting on port ' + process.env.PORT);","        local.http.createServer(function (request, response) {","            request.urlParsed = local.url.parse(request.url);","            if (local.assetsDict[request.urlParsed.pathname] !== undefined) {","                response.end(local.assetsDict[request.urlParsed.pathname]);","                return;","            }","            response.statusCode = 404;","            response.end();","        }).listen(process.env.PORT);","        break;","    }","}());",""],"l":{"26":2,"28":2,"33":2,"35":2,"37":2,"38":2,"39":2,"44":1,"51":2,"55":2,"59":2,"61":2,"69":1,"70":2,"76":2,"79":2,"82":2,"83":2,"85":1,"89":2,"92":1,"93":1,"94":1,"96":1,"97":1,"100":1,"101":1,"103":1,"106":1,"108":2,"114":1,"116":1,"118":1,"123":1,"124":2,"125":2,"126":2,"127":2,"128":2,"129":2,"130":1,"133":2,"134":2,"139":2,"143":1,"144":3,"145":1,"149":1,"150":1,"158":1,"160":1,"161":1,"162":1,"164":1,"166":1,"258":1,"259":1,"271":1,"274":6,"275":6,"277":1,"279":2,"281":1,"283":2,"288":1,"289":1,"291":1,"294":1,"302":1,"305":1,"306":1,"309":1,"310":1,"312":1,"313":1,"314":1,"315":1,"316":1,"317":1,"318":1,"320":1,"321":1,"323":1}},"/home/travis/build/npmtest/node-npmtest-eyes/eyes/lib/eyes.js":{"path":"/home/travis/build/npmtest/node-npmtest-eyes/eyes/lib/eyes.js","s":{"1":1,"2":1,"3":1,"4":0,"5":0,"6":0,"7":1,"8":0,"9":0,"10":0,"11":0,"12":1,"13":0,"14":0,"15":0,"16":0,"17":0,"18":0,"19":0,"20":0,"21":1,"22":0,"23":0,"24":0,"25":0,"26":0,"27":1,"28":0,"29":0,"30":0,"31":0,"32":0,"33":0,"34":0,"35":0,"36":0,"37":0,"38":0,"39":0,"40":0,"41":0,"42":0,"43":0,"44":0,"45":0,"46":0,"47":0,"48":1,"49":0,"50":0,"51":1,"52":0,"53":0,"54":0,"55":0,"56":0,"57":0,"58":0,"59":0,"60":0,"61":1,"62":0,"63":0,"64":0,"65":0,"66":0,"67":0,"68":0,"69":0,"70":0,"71":0,"72":0,"73":1,"74":0,"75":0,"76":0,"77":0,"78":0,"79":0,"80":0,"81":0,"82":1,"83":0,"84":0,"85":0,"86":0,"87":0,"88":0,"89":0,"90":0,"91":0,"92":0,"93":0,"94":0},"b":{"1":[0,0],"2":[0,0],"3":[0,0],"4":[0,0],"5":[0,0],"6":[0,0],"7":[0,0],"8":[0,0],"9":[0,0],"10":[0,0],"11":[0,0],"12":[0,0],"13":[0,0],"14":[0,0,0,0,0,0,0,0,0,0],"15":[0,0],"16":[0,0],"17":[0,0,0],"18":[0,0,0,0,0],"19":[0,0],"20":[0,0],"21":[0,0],"22":[0,0],"23":[0,0,0],"24":[0,0],"25":[0,0],"26":[0,0],"27":[0,0],"28":[0,0],"29":[0,0],"30":[0,0],"31":[0,0],"32":[0,0],"33":[0,0],"34":[0,0],"35":[0,0],"36":[0,0],"37":[0,0]},"f":{"1":0,"2":0,"3":0,"4":0,"5":0,"6":0,"7":0,"8":0,"9":0,"10":0,"11":0,"12":0,"13":0,"14":0,"15":0,"16":0,"17":0,"18":0,"19":0,"20":0},"fnMap":{"1":{"name":"(anonymous_1)","line":37,"loc":{"start":{"line":37,"column":17},"end":{"line":37,"column":36}}},"2":{"name":"(anonymous_2)","line":39,"loc":{"start":{"line":39,"column":11},"end":{"line":39,"column":39}}},"3":{"name":"(anonymous_3)","line":47,"loc":{"start":{"line":47,"column":15},"end":{"line":47,"column":46}}},"4":{"name":"(anonymous_4)","line":64,"loc":{"start":{"line":64,"column":13},"end":{"line":64,"column":44}}},"5":{"name":"(anonymous_5)","line":80,"loc":{"start":{"line":80,"column":15},"end":{"line":80,"column":45}}},"6":{"name":"stringify","line":106,"loc":{"start":{"line":106,"column":0},"end":{"line":106,"column":33}}},"7":{"name":"(anonymous_7)","line":107,"loc":{"start":{"line":107,"column":31},"end":{"line":107,"column":53}}},"8":{"name":"(anonymous_8)","line":116,"loc":{"start":{"line":116,"column":14},"end":{"line":116,"column":29}}},"9":{"name":"stringifyString","line":138,"loc":{"start":{"line":138,"column":0},"end":{"line":138,"column":40}}},"10":{"name":"(anonymous_10)","line":141,"loc":{"start":{"line":141,"column":43},"end":{"line":141,"column":60}}},"11":{"name":"stringifyArray","line":149,"loc":{"start":{"line":149,"column":0},"end":{"line":149,"column":45}}},"12":{"name":"(anonymous_12)","line":151,"loc":{"start":{"line":151,"column":63},"end":{"line":151,"column":76}}},"13":{"name":"stringifyObject","line":174,"loc":{"start":{"line":174,"column":0},"end":{"line":174,"column":46}}},"14":{"name":"(anonymous_14)","line":177,"loc":{"start":{"line":177,"column":58},"end":{"line":177,"column":71}}},"15":{"name":"(anonymous_15)","line":181,"loc":{"start":{"line":181,"column":17},"end":{"line":181,"column":30}}},"16":{"name":"typeOf","line":200,"loc":{"start":{"line":200,"column":0},"end":{"line":200,"column":23}}},"17":{"name":"(anonymous_17)","line":206,"loc":{"start":{"line":206,"column":26},"end":{"line":206,"column":39}}},"18":{"name":"merge","line":214,"loc":{"start":{"line":214,"column":0},"end":{"line":214,"column":36}}},"19":{"name":"(anonymous_19)","line":218,"loc":{"start":{"line":218,"column":17},"end":{"line":218,"column":30}}},"20":{"name":"(anonymous_20)","line":219,"loc":{"start":{"line":219,"column":31},"end":{"line":219,"column":44}}}},"statementMap":{"1":{"start":{"line":14,"column":0},"end":{"line":15,"column":15}},"2":{"start":{"line":17,"column":0},"end":{"line":34,"column":2}},"3":{"start":{"line":37,"column":0},"end":{"line":43,"column":2}},"4":{"start":{"line":38,"column":4},"end":{"line":38,"column":20}},"5":{"start":{"line":39,"column":4},"end":{"line":42,"column":6}},"6":{"start":{"line":40,"column":8},"end":{"line":41,"column":46}},"7":{"start":{"line":47,"column":0},"end":{"line":55,"column":2}},"8":{"start":{"line":48,"column":4},"end":{"line":48,"column":50}},"9":{"start":{"line":50,"column":4},"end":{"line":54,"column":5}},"10":{"start":{"line":51,"column":8},"end":{"line":51,"column":67}},"11":{"start":{"line":53,"column":8},"end":{"line":53,"column":76}},"12":{"start":{"line":64,"column":0},"end":{"line":75,"column":2}},"13":{"start":{"line":65,"column":4},"end":{"line":71,"column":5}},"14":{"start":{"line":66,"column":8},"end":{"line":70,"column":22}},"15":{"start":{"line":66,"column":40},"end":{"line":66,"column":47}},"16":{"start":{"line":67,"column":13},"end":{"line":70,"column":22}},"17":{"start":{"line":68,"column":11},"end":{"line":68,"column":43}},"18":{"start":{"line":69,"column":11},"end":{"line":69,"column":17}},"19":{"start":{"line":70,"column":17},"end":{"line":70,"column":21}},"20":{"start":{"line":72,"column":4},"end":{"line":74,"column":84}},"21":{"start":{"line":80,"column":0},"end":{"line":100,"column":2}},"22":{"start":{"line":81,"column":4},"end":{"line":92,"column":15}},"23":{"start":{"line":94,"column":4},"end":{"line":99,"column":25}},"24":{"start":{"line":95,"column":8},"end":{"line":96,"column":75}},"25":{"start":{"line":97,"column":8},"end":{"line":98,"column":39}},"26":{"start":{"line":99,"column":13},"end":{"line":99,"column":24}},"27":{"start":{"line":106,"column":0},"end":{"line":135,"column":1}},"28":{"start":{"line":107,"column":4},"end":{"line":109,"column":21}},"29":{"start":{"line":108,"column":8},"end":{"line":108,"column":71}},"30":{"start":{"line":111,"column":4},"end":{"line":113,"column":5}},"31":{"start":{"line":112,"column":8},"end":{"line":112,"column":82}},"32":{"start":{"line":114,"column":4},"end":{"line":114,"column":20}},"33":{"start":{"line":116,"column":4},"end":{"line":131,"column":12}},"34":{"start":{"line":117,"column":8},"end":{"line":130,"column":9}},"35":{"start":{"line":118,"column":30},"end":{"line":119,"column":95}},"36":{"start":{"line":120,"column":30},"end":{"line":120,"column":60}},"37":{"start":{"line":121,"column":30},"end":{"line":121,"column":79}},"38":{"start":{"line":122,"column":30},"end":{"line":122,"column":68}},"39":{"start":{"line":123,"column":30},"end":{"line":123,"column":98}},"40":{"start":{"line":124,"column":30},"end":{"line":124,"column":69}},"41":{"start":{"line":125,"column":30},"end":{"line":125,"column":69}},"42":{"start":{"line":126,"column":30},"end":{"line":126,"column":66}},"43":{"start":{"line":127,"column":30},"end":{"line":127,"column":64}},"44":{"start":{"line":128,"column":30},"end":{"line":128,"column":81}},"45":{"start":{"line":129,"column":30},"end":{"line":129,"column":81}},"46":{"start":{"line":133,"column":4},"end":{"line":133,"column":16}},"47":{"start":{"line":134,"column":4},"end":{"line":134,"column":18}},"48":{"start":{"line":138,"column":0},"end":{"line":144,"column":1}},"49":{"start":{"line":139,"column":4},"end":{"line":143,"column":17}},"50":{"start":{"line":142,"column":18},"end":{"line":142,"column":68}},"51":{"start":{"line":149,"column":0},"end":{"line":169,"column":1}},"52":{"start":{"line":150,"column":4},"end":{"line":150,"column":17}},"53":{"start":{"line":151,"column":4},"end":{"line":154,"column":8}},"54":{"start":{"line":152,"column":8},"end":{"line":153,"column":50}},"55":{"start":{"line":155,"column":4},"end":{"line":155,"column":71}},"56":{"start":{"line":157,"column":4},"end":{"line":159,"column":5}},"57":{"start":{"line":158,"column":8},"end":{"line":158,"column":45}},"58":{"start":{"line":161,"column":4},"end":{"line":168,"column":5}},"59":{"start":{"line":162,"column":8},"end":{"line":162,"column":20}},"60":{"start":{"line":164,"column":8},"end":{"line":167,"column":19}},"61":{"start":{"line":174,"column":0},"end":{"line":197,"column":1}},"62":{"start":{"line":175,"column":4},"end":{"line":175,"column":17}},"63":{"start":{"line":176,"column":4},"end":{"line":177,"column":112}},"64":{"start":{"line":177,"column":73},"end":{"line":177,"column":108}},"65":{"start":{"line":178,"column":4},"end":{"line":178,"column":71}},"66":{"start":{"line":180,"column":4},"end":{"line":180,"column":87}},"67":{"start":{"line":181,"column":4},"end":{"line":187,"column":7}},"68":{"start":{"line":182,"column":8},"end":{"line":186,"column":9}},"69":{"start":{"line":184,"column":12},"end":{"line":185,"column":49}},"70":{"start":{"line":189,"column":4},"end":{"line":196,"column":4}},"71":{"start":{"line":190,"column":8},"end":{"line":190,"column":20}},"72":{"start":{"line":192,"column":8},"end":{"line":195,"column":19}},"73":{"start":{"line":200,"column":0},"end":{"line":212,"column":1}},"74":{"start":{"line":201,"column":4},"end":{"line":202,"column":81}},"75":{"start":{"line":204,"column":4},"end":{"line":210,"column":5}},"76":{"start":{"line":205,"column":8},"end":{"line":209,"column":29}},"77":{"start":{"line":206,"column":12},"end":{"line":208,"column":15}},"78":{"start":{"line":207,"column":16},"end":{"line":207,"column":68}},"79":{"start":{"line":207,"column":42},"end":{"line":207,"column":67}},"80":{"start":{"line":209,"column":17},"end":{"line":209,"column":28}},"81":{"start":{"line":211,"column":4},"end":{"line":211,"column":13}},"82":{"start":{"line":214,"column":0},"end":{"line":235,"column":1}},"83":{"start":{"line":215,"column":4},"end":{"line":215,"column":53}},"84":{"start":{"line":216,"column":4},"end":{"line":216,"column":20}},"85":{"start":{"line":218,"column":4},"end":{"line":233,"column":7}},"86":{"start":{"line":219,"column":8},"end":{"line":232,"column":11}},"87":{"start":{"line":220,"column":12},"end":{"line":231,"column":13}},"88":{"start":{"line":221,"column":16},"end":{"line":228,"column":17}},"89":{"start":{"line":222,"column":20},"end":{"line":222,"column":42}},"90":{"start":{"line":224,"column":20},"end":{"line":224,"column":38}},"91":{"start":{"line":225,"column":20},"end":{"line":227,"column":21}},"92":{"start":{"line":226,"column":24},"end":{"line":226,"column":55}},"93":{"start":{"line":230,"column":16},"end":{"line":230,"column":33}},"94":{"start":{"line":234,"column":4},"end":{"line":234,"column":18}}},"branchMap":{"1":{"line":41,"type":"binary-expr","locations":[{"start":{"line":41,"column":18},"end":{"line":41,"column":25}},{"start":{"line":41,"column":29},"end":{"line":41,"column":31}}]},"2":{"line":41,"type":"binary-expr","locations":[{"start":{"line":41,"column":33},"end":{"line":41,"column":37}},{"start":{"line":41,"column":41},"end":{"line":41,"column":43}}]},"3":{"line":48,"type":"binary-expr","locations":[{"start":{"line":48,"column":35},"end":{"line":48,"column":42}},{"start":{"line":48,"column":46},"end":{"line":48,"column":48}}]},"4":{"line":50,"type":"if","locations":[{"start":{"line":50,"column":4},"end":{"line":50,"column":4}},{"start":{"line":50,"column":4},"end":{"line":50,"column":4}}]},"5":{"line":53,"type":"cond-expr","locations":[{"start":{"line":53,"column":59},"end":{"line":53,"column":69}},{"start":{"line":53,"column":72},"end":{"line":53,"column":74}}]},"6":{"line":66,"type":"if","locations":[{"start":{"line":66,"column":8},"end":{"line":66,"column":8}},{"start":{"line":66,"column":8},"end":{"line":66,"column":8}}]},"7":{"line":67,"type":"if","locations":[{"start":{"line":67,"column":13},"end":{"line":67,"column":13}},{"start":{"line":67,"column":13},"end":{"line":67,"column":13}}]},"8":{"line":72,"type":"cond-expr","locations":[{"start":{"line":73,"column":8},"end":{"line":73,"column":72}},{"start":{"line":73,"column":75},"end":{"line":73,"column":77}}]},"9":{"line":94,"type":"if","locations":[{"start":{"line":94,"column":4},"end":{"line":94,"column":4}},{"start":{"line":94,"column":4},"end":{"line":94,"column":4}}]},"10":{"line":94,"type":"binary-expr","locations":[{"start":{"line":94,"column":8},"end":{"line":94,"column":13}},{"start":{"line":94,"column":17},"end":{"line":94,"column":29}}]},"11":{"line":95,"type":"cond-expr","locations":[{"start":{"line":95,"column":59},"end":{"line":95,"column":79}},{"start":{"line":96,"column":59},"end":{"line":96,"column":74}}]},"12":{"line":95,"type":"binary-expr","locations":[{"start":{"line":95,"column":19},"end":{"line":95,"column":41}},{"start":{"line":95,"column":45},"end":{"line":95,"column":55}}]},"13":{"line":111,"type":"if","locations":[{"start":{"line":111,"column":4},"end":{"line":111,"column":4}},{"start":{"line":111,"column":4},"end":{"line":111,"column":4}}]},"14":{"line":117,"type":"switch","locations":[{"start":{"line":118,"column":12},"end":{"line":120,"column":60}},{"start":{"line":121,"column":12},"end":{"line":121,"column":79}},{"start":{"line":122,"column":12},"end":{"line":122,"column":68}},{"start":{"line":123,"column":12},"end":{"line":123,"column":98}},{"start":{"line":124,"column":12},"end":{"line":124,"column":69}},{"start":{"line":125,"column":12},"end":{"line":125,"column":69}},{"start":{"line":126,"column":12},"end":{"line":126,"column":66}},{"start":{"line":127,"column":12},"end":{"line":127,"column":64}},{"start":{"line":128,"column":12},"end":{"line":128,"column":81}},{"start":{"line":129,"column":12},"end":{"line":129,"column":81}}]},"15":{"line":118,"type":"cond-expr","locations":[{"start":{"line":118,"column":78},"end":{"line":118,"column":93}},{"start":{"line":119,"column":78},"end":{"line":119,"column":93}}]},"16":{"line":123,"type":"cond-expr","locations":[{"start":{"line":123,"column":54},"end":{"line":123,"column":82}},{"start":{"line":123,"column":85},"end":{"line":123,"column":97}}]},"17":{"line":151,"type":"binary-expr","locations":[{"start":{"line":151,"column":17},"end":{"line":151,"column":31}},{"start":{"line":151,"column":36},"end":{"line":151,"column":50}},{"start":{"line":151,"column":54},"end":{"line":154,"column":6}}]},"18":{"line":152,"type":"binary-expr","locations":[{"start":{"line":152,"column":16},"end":{"line":152,"column":26}},{"start":{"line":152,"column":30},"end":{"line":152,"column":52}},{"start":{"line":152,"column":56},"end":{"line":152,"column":81}},{"start":{"line":153,"column":16},"end":{"line":153,"column":32}},{"start":{"line":153,"column":36},"end":{"line":153,"column":48}}]},"19":{"line":155,"type":"cond-expr","locations":[{"start":{"line":155,"column":22},"end":{"line":155,"column":64}},{"start":{"line":155,"column":67},"end":{"line":155,"column":70}}]},"20":{"line":161,"type":"if","locations":[{"start":{"line":161,"column":4},"end":{"line":161,"column":4}},{"start":{"line":161,"column":4},"end":{"line":161,"column":4}}]},"21":{"line":165,"type":"cond-expr","locations":[{"start":{"line":165,"column":46},"end":{"line":165,"column":48}},{"start":{"line":165,"column":51},"end":{"line":165,"column":54}}]},"22":{"line":166,"type":"cond-expr","locations":[{"start":{"line":166,"column":31},"end":{"line":166,"column":46}},{"start":{"line":166,"column":49},"end":{"line":166,"column":51}}]},"23":{"line":176,"type":"binary-expr","locations":[{"start":{"line":176,"column":17},"end":{"line":176,"column":31}},{"start":{"line":176,"column":36},"end":{"line":176,"column":63}},{"start":{"line":177,"column":36},"end":{"line":177,"column":110}}]},"24":{"line":178,"type":"cond-expr","locations":[{"start":{"line":178,"column":22},"end":{"line":178,"column":64}},{"start":{"line":178,"column":67},"end":{"line":178,"column":70}}]},"25":{"line":180,"type":"cond-expr","locations":[{"start":{"line":180,"column":36},"end":{"line":180,"column":52}},{"start":{"line":180,"column":55},"end":{"line":180,"column":86}}]},"26":{"line":182,"type":"if","locations":[{"start":{"line":182,"column":8},"end":{"line":182,"column":8}},{"start":{"line":182,"column":8},"end":{"line":182,"column":8}}]},"27":{"line":182,"type":"binary-expr","locations":[{"start":{"line":182,"column":12},"end":{"line":182,"column":56}},{"start":{"line":183,"column":13},"end":{"line":183,"column":67}}]},"28":{"line":183,"type":"binary-expr","locations":[{"start":{"line":183,"column":15},"end":{"line":183,"column":41}},{"start":{"line":183,"column":45},"end":{"line":183,"column":66}}]},"29":{"line":189,"type":"if","locations":[{"start":{"line":189,"column":4},"end":{"line":189,"column":4}},{"start":{"line":189,"column":4},"end":{"line":189,"column":4}}]},"30":{"line":193,"type":"cond-expr","locations":[{"start":{"line":193,"column":46},"end":{"line":193,"column":48}},{"start":{"line":193,"column":51},"end":{"line":193,"column":54}}]},"31":{"line":194,"type":"cond-expr","locations":[{"start":{"line":194,"column":31},"end":{"line":194,"column":46}},{"start":{"line":194,"column":49},"end":{"line":194,"column":51}}]},"32":{"line":204,"type":"if","locations":[{"start":{"line":204,"column":4},"end":{"line":204,"column":4}},{"start":{"line":204,"column":4},"end":{"line":204,"column":4}}]},"33":{"line":204,"type":"binary-expr","locations":[{"start":{"line":204,"column":8},"end":{"line":204,"column":22}},{"start":{"line":204,"column":26},"end":{"line":204,"column":42}}]},"34":{"line":205,"type":"if","locations":[{"start":{"line":205,"column":8},"end":{"line":205,"column":8}},{"start":{"line":205,"column":8},"end":{"line":205,"column":8}}]},"35":{"line":207,"type":"if","locations":[{"start":{"line":207,"column":16},"end":{"line":207,"column":16}},{"start":{"line":207,"column":16},"end":{"line":207,"column":16}}]},"36":{"line":220,"type":"if","locations":[{"start":{"line":220,"column":12},"end":{"line":220,"column":12}},{"start":{"line":220,"column":12},"end":{"line":220,"column":12}}]},"37":{"line":221,"type":"if","locations":[{"start":{"line":221,"column":16},"end":{"line":221,"column":16}},{"start":{"line":221,"column":16},"end":{"line":221,"column":16}}]}},"code":["//","// Eyes.js - a customizable value inspector for Node.js","//","//   usage:","//","//       var inspect = require('eyes').inspector({styles: {all: 'magenta'}});","//       inspect(something); // inspect with the settings passed to `inspector`","//","//     or","//","//       var eyes = require('eyes');","//       eyes.inspect(something); // inspect with the default settings","//","var eyes = exports,","    stack = [];","","eyes.defaults = {","    styles: {                 // Styles applied to stdout","        all:     'cyan',      // Overall style applied to everything","        label:   'underline', // Inspection labels, like 'array' in `array: [1, 2, 3]`","        other:   'inverted',  // Objects which don't have a literal representation, such as functions","        key:     'bold',      // The keys in object literals, like 'a' in `{a: 1}`","        special: 'grey',      // null, undefined...","        string:  'green',","        number:  'magenta',","        bool:    'blue',      // true false","        regexp:  'green',     // /\\d+/","    },","    pretty: true,             // Indent object literals","    hideFunctions: false,","    showHidden: false,","    stream: process.stdout,","    maxLength: 2048           // Truncate output if longer","};","","// Return a curried inspect() function, with the `options` argument filled in.","eyes.inspector = function (options) {","    var that = this;","    return function (obj, label, opts) {","        return that.inspect.call(that, obj, label,","            merge(options || {}, opts || {}));","    };","};","","// If we have a `stream` defined, use it to print a styled string,","// if not, we just return the stringified object.","eyes.inspect = function (obj, label, options) {","    options = merge(this.defaults, options || {});","","    if (options.stream) {","        return this.print(stringify(obj, options), label, options);","    } else {","        return stringify(obj, options) + (options.styles ? '\\033[39m' : '');","    }","};","","// Output using the 'stream', and an optional label","// Loop through `str`, and truncate it after `options.maxLength` has been reached.","// Because escape sequences are, at this point embeded within","// the output string, we can't measure the length of the string","// in a useful way, without separating what is an escape sequence,","// versus a printable character (`c`). So we resort to counting the","// length manually.","eyes.print = function (str, label, options) {","    for (var c = 0, i = 0; i < str.length; i++) {","        if (str.charAt(i) === '\\033') { i += 4 } // `4` because '\\033[25m'.length + 1 == 5","        else if (c === options.maxLength) {","           str = str.slice(0, i - 1) + '…';","           break;","        } else { c++ }","    }","    return options.stream.write.call(options.stream, (label ?","        this.stylize(label, options.styles.label, options.styles) + ': ' : '') +","        this.stylize(str,   options.styles.all, options.styles) + '\\033[0m' + \"\\n\");","};","","// Apply a style to a string, eventually,","// I'd like this to support passing multiple","// styles.","eyes.stylize = function (str, style, styles) {","    var codes = {","        'bold'      : [1,  22],","        'underline' : [4,  24],","        'inverse'   : [7,  27],","        'cyan'      : [36, 39],","        'magenta'   : [35, 39],","        'blue'      : [34, 39],","        'yellow'    : [33, 39],","        'green'     : [32, 39],","        'red'       : [31, 39],","        'grey'      : [90, 39]","    }, endCode;","","    if (style && codes[style]) {","        endCode = (codes[style][1] === 39 && styles.all) ? codes[styles.all][0]","                                                         : codes[style][1];","        return '\\033[' + codes[style][0] + 'm' + str +","               '\\033[' + endCode + 'm';","    } else { return str }","};","","// Convert any object to a string, ready for output.","// When an 'array' or an 'object' are encountered, they are","// passed to specialized functions, which can then recursively call","// stringify().","function stringify(obj, options) {","    var that = this, stylize = function (str, style) {","        return eyes.stylize(str, options.styles[style], options.styles)","    }, index, result;","","    if ((index = stack.indexOf(obj)) !== -1) {","        return stylize(new(Array)(stack.length - index + 1).join('.'), 'special');","    }","    stack.push(obj);","","    result = (function (obj) {","        switch (typeOf(obj)) {","            case \"string\"   : obj = stringifyString(obj.indexOf(\"'\") === -1 ? \"'\" + obj + \"'\"","                                                                            : '\"' + obj + '\"');","                              return stylize(obj, 'string');","            case \"regexp\"   : return stylize('/' + obj.source + '/', 'regexp');","            case \"number\"   : return stylize(obj + '',    'number');","            case \"function\" : return options.stream ? stylize(\"Function\", 'other') : '[Function]';","            case \"null\"     : return stylize(\"null\",      'special');","            case \"undefined\": return stylize(\"undefined\", 'special');","            case \"boolean\"  : return stylize(obj + '',    'bool');","            case \"date\"     : return stylize(obj.toUTCString());","            case \"array\"    : return stringifyArray(obj,  options, stack.length);","            case \"object\"   : return stringifyObject(obj, options, stack.length);","        }","    })(obj);","","    stack.pop();","    return result;","};","","// Escape invisible characters in a string","function stringifyString (str, options) {","    return str.replace(/\\\\/g, '\\\\\\\\')","              .replace(/\\n/g, '\\\\n')","              .replace(/[\\u0001-\\u001F]/g, function (match) {","                  return '\\\\0' + match[0].charCodeAt(0).toString(8);","              });","}","","// Convert an array to a string, such as [1, 2, 3].","// This function calls stringify() for each of the elements","// in the array.","function stringifyArray(ary, options, level) {","    var out = [];","    var pretty = options.pretty && (ary.length > 4 || ary.some(function (o) {","        return (o !== null && typeof(o) === 'object' && Object.keys(o).length > 0) ||","               (Array.isArray(o) && o.length > 0);","    }));","    var ws = pretty ? '\\n' + new(Array)(level * 4 + 1).join(' ') : ' ';","","    for (var i = 0; i < ary.length; i++) {","        out.push(stringify(ary[i], options));","    }","","    if (out.length === 0) {","        return '[]';","    } else {","        return '[' + ws","                   + out.join(',' + (pretty ? ws : ' '))","                   + (pretty ? ws.slice(0, -4) : ws) +","               ']';","    }","};","","// Convert an object to a string, such as {a: 1}.","// This function calls stringify() for each of its values,","// and does not output functions or prototype values.","function stringifyObject(obj, options, level) {","    var out = [];","    var pretty = options.pretty && (Object.keys(obj).length > 2 ||","                                    Object.keys(obj).some(function (k) { return typeof(obj[k]) === 'object' }));","    var ws = pretty ? '\\n' + new(Array)(level * 4 + 1).join(' ') : ' ';","","    var keys = options.showHidden ? Object.keys(obj) : Object.getOwnPropertyNames(obj);","    keys.forEach(function (k) {","        if (Object.prototype.hasOwnProperty.call(obj, k) ","          && !(obj[k] instanceof Function && options.hideFunctions)) {","            out.push(eyes.stylize(k, options.styles.key, options.styles) + ': ' +","                     stringify(obj[k], options));","        }","    });","","    if (out.length === 0) {","        return '{}';","    } else {","        return \"{\" + ws","                   + out.join(',' + (pretty ? ws : ' '))","                   + (pretty ? ws.slice(0, -4) : ws) +","               \"}\";","   }","};","","// A better `typeof`","function typeOf(value) {","    var s = typeof(value),","        types = [Object, Array, String, RegExp, Number, Function, Boolean, Date];","","    if (s === 'object' || s === 'function') {","        if (value) {","            types.forEach(function (t) {","                if (value instanceof t) { s = t.name.toLowerCase() }","            });","        } else { s = 'null' }","    }","    return s;","}","","function merge(/* variable args */) {","    var objs = Array.prototype.slice.call(arguments);","    var target = {};","","    objs.forEach(function (o) {","        Object.keys(o).forEach(function (k) {","            if (k === 'styles') {","                if (! o.styles) {","                    target.styles = false;","                } else {","                    target.styles = {}","                    for (var s in o.styles) {","                        target.styles[s] = o.styles[s];","                    }","                }","            } else {","                target[k] = o[k];","            }","        });","    });","    return target;","}","",""],"l":{"14":1,"17":1,"37":1,"38":0,"39":0,"40":0,"47":1,"48":0,"50":0,"51":0,"53":0,"64":1,"65":0,"66":0,"67":0,"68":0,"69":0,"70":0,"72":0,"80":1,"81":0,"94":0,"95":0,"97":0,"99":0,"106":1,"107":0,"108":0,"111":0,"112":0,"114":0,"116":0,"117":0,"118":0,"120":0,"121":0,"122":0,"123":0,"124":0,"125":0,"126":0,"127":0,"128":0,"129":0,"133":0,"134":0,"138":1,"139":0,"142":0,"149":1,"150":0,"151":0,"152":0,"155":0,"157":0,"158":0,"161":0,"162":0,"164":0,"174":1,"175":0,"176":0,"177":0,"178":0,"180":0,"181":0,"182":0,"184":0,"189":0,"190":0,"192":0,"200":1,"201":0,"204":0,"205":0,"206":0,"207":0,"209":0,"211":0,"214":1,"215":0,"216":0,"218":0,"219":0,"220":0,"221":0,"222":0,"224":0,"225":0,"226":0,"230":0,"234":0}}}